<?xml version="1.0" encoding="UTF-8"?>
<!-- Generated by org.testng.reporters.JUnitReportReporter -->
<testsuite hostname="Edels-MacBook-Pro.local" failures="0" tests="1" name="Website.LoginAccess" time="13.845" errors="0" timestamp="22 Mar 2021 02:17:27 GMT">
  <testcase classname="Website.LoginAccess" name="basePageNavigation" time="13.845"/>
</testsuite> <!-- Website.LoginAccess -->
