<?xml version="1.0" encoding="UTF-8"?>
<!-- Generated by org.testng.reporters.JUnitReportReporter -->
<testsuite hostname="Edels-MacBook-Pro.local" failures="0" tests="1" name="Website.VerifyNavBar" time="9.651" errors="0" timestamp="22 Mar 2021 02:22:06 GMT">
  <testcase classname="Website.VerifyNavBar" name="websiteNavBar" time="9.651"/>
</testsuite> <!-- Website.VerifyNavBar -->
