<?xml version="1.0" encoding="UTF-8"?>
<!-- Generated by org.testng.reporters.JUnitReportReporter -->
<testsuite hostname="Edels-MacBook-Pro.local" failures="0" tests="1" name="Website.TitleMail" time="13.826" errors="0" timestamp="22 Mar 2021 02:17:57 GMT">
  <testcase classname="Website.TitleMail" name="maiInboxlTitle" time="13.826"/>
</testsuite> <!-- Website.TitleMail -->
